::1 - - [11/Sep/2016:20:25:32 +0000] "POST /register HTTP/1.1" 200 1126 "-" "Mozilla/5.0 (Macintosh; Intel Mac OS X 10_11_6) AppleWebKit/537.36 (KHTML, like Gecko) Chrome/53.0.2785.101 Safari/537.36"
::1 - - [11/Sep/2016:20:25:37 +0000] "POST /register HTTP/1.1" 200 64 "-" "Mozilla/5.0 (Macintosh; Intel Mac OS X 10_11_6) AppleWebKit/537.36 (KHTML, like Gecko) Chrome/53.0.2785.101 Safari/537.36"
::1 - - [11/Sep/2016:20:26:18 +0000] "POST /register HTTP/1.1" 200 1126 "-" "Mozilla/5.0 (Macintosh; Intel Mac OS X 10_11_6) AppleWebKit/537.36 (KHTML, like Gecko) Chrome/53.0.2785.101 Safari/537.36"
::1 - - [11/Sep/2016:20:26:32 +0000] "POST /register HTTP/1.1" 200 1126 "-" "Mozilla/5.0 (Macintosh; Intel Mac OS X 10_11_6) AppleWebKit/537.36 (KHTML, like Gecko) Chrome/53.0.2785.101 Safari/537.36"
::1 - - [11/Sep/2016:20:29:16 +0000] "POST /register HTTP/1.1" 200 64 "-" "Mozilla/5.0 (Macintosh; Intel Mac OS X 10_11_6) AppleWebKit/537.36 (KHTML, like Gecko) Chrome/53.0.2785.101 Safari/537.36"
::1 - - [11/Sep/2016:20:32:03 +0000] "POST /login HTTP/1.1" 200 51 "-" "Mozilla/5.0 (Macintosh; Intel Mac OS X 10_11_6) AppleWebKit/537.36 (KHTML, like Gecko) Chrome/53.0.2785.101 Safari/537.36"
::1 - - [11/Sep/2016:20:32:04 +0000] "POST /login HTTP/1.1" 200 51 "-" "Mozilla/5.0 (Macintosh; Intel Mac OS X 10_11_6) AppleWebKit/537.36 (KHTML, like Gecko) Chrome/53.0.2785.101 Safari/537.36"
::1 - - [11/Sep/2016:20:32:59 +0000] "POST /login HTTP/1.1" 200 51 "-" "Mozilla/5.0 (Macintosh; Intel Mac OS X 10_11_6) AppleWebKit/537.36 (KHTML, like Gecko) Chrome/53.0.2785.101 Safari/537.36"
::1 - - [11/Sep/2016:20:34:44 +0000] "POST /register HTTP/1.1" 200 1126 "-" "Mozilla/5.0 (Macintosh; Intel Mac OS X 10_11_6) AppleWebKit/537.36 (KHTML, like Gecko) Chrome/53.0.2785.101 Safari/537.36"
::1 - - [11/Sep/2016:20:35:17 +0000] "POST /register HTTP/1.1" 200 1126 "-" "Mozilla/5.0 (Macintosh; Intel Mac OS X 10_11_6) AppleWebKit/537.36 (KHTML, like Gecko) Chrome/53.0.2785.101 Safari/537.36"
::1 - - [11/Sep/2016:20:35:18 +0000] "POST /register HTTP/1.1" 200 1126 "-" "Mozilla/5.0 (Macintosh; Intel Mac OS X 10_11_6) AppleWebKit/537.36 (KHTML, like Gecko) Chrome/53.0.2785.101 Safari/537.36"
::1 - - [11/Sep/2016:20:35:18 +0000] "POST /register HTTP/1.1" 200 1126 "-" "Mozilla/5.0 (Macintosh; Intel Mac OS X 10_11_6) AppleWebKit/537.36 (KHTML, like Gecko) Chrome/53.0.2785.101 Safari/537.36"
::1 - - [11/Sep/2016:20:35:19 +0000] "POST /register HTTP/1.1" 200 1126 "-" "Mozilla/5.0 (Macintosh; Intel Mac OS X 10_11_6) AppleWebKit/537.36 (KHTML, like Gecko) Chrome/53.0.2785.101 Safari/537.36"
::1 - - [11/Sep/2016:20:35:19 +0000] "POST /register HTTP/1.1" 200 1126 "-" "Mozilla/5.0 (Macintosh; Intel Mac OS X 10_11_6) AppleWebKit/537.36 (KHTML, like Gecko) Chrome/53.0.2785.101 Safari/537.36"
::1 - - [11/Sep/2016:20:35:20 +0000] "POST /register HTTP/1.1" 200 1126 "-" "Mozilla/5.0 (Macintosh; Intel Mac OS X 10_11_6) AppleWebKit/537.36 (KHTML, like Gecko) Chrome/53.0.2785.101 Safari/537.36"
::1 - - [11/Sep/2016:20:35:23 +0000] "POST /register HTTP/1.1" 200 1126 "-" "Mozilla/5.0 (Macintosh; Intel Mac OS X 10_11_6) AppleWebKit/537.36 (KHTML, like Gecko) Chrome/53.0.2785.101 Safari/537.36"
::1 - - [11/Sep/2016:20:35:28 +0000] "POST /register HTTP/1.1" 200 1126 "-" "Mozilla/5.0 (Macintosh; Intel Mac OS X 10_11_6) AppleWebKit/537.36 (KHTML, like Gecko) Chrome/53.0.2785.101 Safari/537.36"
::1 - - [11/Sep/2016:20:35:28 +0000] "POST /register HTTP/1.1" 200 1126 "-" "Mozilla/5.0 (Macintosh; Intel Mac OS X 10_11_6) AppleWebKit/537.36 (KHTML, like Gecko) Chrome/53.0.2785.101 Safari/537.36"
::1 - - [11/Sep/2016:20:37:37 +0000] "POST /register HTTP/1.1" 500 1991 "-" "Mozilla/5.0 (Macintosh; Intel Mac OS X 10_11_6) AppleWebKit/537.36 (KHTML, like Gecko) Chrome/53.0.2785.101 Safari/537.36"
::1 - - [11/Sep/2016:20:40:29 +0000] "POST /register HTTP/1.1" 200 64 "-" "Mozilla/5.0 (Macintosh; Intel Mac OS X 10_11_6) AppleWebKit/537.36 (KHTML, like Gecko) Chrome/53.0.2785.101 Safari/537.36"
::1 - - [11/Sep/2016:20:40:34 +0000] "POST /register HTTP/1.1" 200 64 "-" "Mozilla/5.0 (Macintosh; Intel Mac OS X 10_11_6) AppleWebKit/537.36 (KHTML, like Gecko) Chrome/53.0.2785.101 Safari/537.36"
::1 - - [11/Sep/2016:20:43:49 +0000] "POST /login HTTP/1.1" - - "-" "Mozilla/5.0 (Macintosh; Intel Mac OS X 10_11_6) AppleWebKit/537.36 (KHTML, like Gecko) Chrome/53.0.2785.101 Safari/537.36"
::1 - - [11/Sep/2016:20:45:42 +0000] "POST /register HTTP/1.1" 200 64 "-" "Mozilla/5.0 (Macintosh; Intel Mac OS X 10_11_6) AppleWebKit/537.36 (KHTML, like Gecko) Chrome/53.0.2785.101 Safari/537.36"
::1 - - [11/Sep/2016:20:45:46 +0000] "POST /register HTTP/1.1" 200 1127 "-" "Mozilla/5.0 (Macintosh; Intel Mac OS X 10_11_6) AppleWebKit/537.36 (KHTML, like Gecko) Chrome/53.0.2785.101 Safari/537.36"
::1 - - [11/Sep/2016:20:50:44 +0000] "POST /login HTTP/1.1" 200 51 "-" "Mozilla/5.0 (Macintosh; Intel Mac OS X 10_11_6) AppleWebKit/537.36 (KHTML, like Gecko) Chrome/53.0.2785.101 Safari/537.36"
::1 - - [11/Sep/2016:20:50:44 +0000] "POST /login HTTP/1.1" 200 51 "-" "Mozilla/5.0 (Macintosh; Intel Mac OS X 10_11_6) AppleWebKit/537.36 (KHTML, like Gecko) Chrome/53.0.2785.101 Safari/537.36"
::1 - - [11/Sep/2016:20:51:07 +0000] "POST /login HTTP/1.1" 200 51 "-" "Mozilla/5.0 (Macintosh; Intel Mac OS X 10_11_6) AppleWebKit/537.36 (KHTML, like Gecko) Chrome/53.0.2785.101 Safari/537.36"
::1 - - [11/Sep/2016:20:54:02 +0000] "POST /login HTTP/1.1" 200 51 "-" "Mozilla/5.0 (Macintosh; Intel Mac OS X 10_11_6) AppleWebKit/537.36 (KHTML, like Gecko) Chrome/53.0.2785.101 Safari/537.36"
::1 - - [11/Sep/2016:20:55:09 +0000] "POST /login HTTP/1.1" 200 51 "-" "Mozilla/5.0 (Macintosh; Intel Mac OS X 10_11_6) AppleWebKit/537.36 (KHTML, like Gecko) Chrome/53.0.2785.101 Safari/537.36"
::1 - - [11/Sep/2016:20:55:09 +0000] "POST /login HTTP/1.1" 200 51 "-" "Mozilla/5.0 (Macintosh; Intel Mac OS X 10_11_6) AppleWebKit/537.36 (KHTML, like Gecko) Chrome/53.0.2785.101 Safari/537.36"
::1 - - [11/Sep/2016:20:55:43 +0000] "POST /login HTTP/1.1" 200 51 "-" "Mozilla/5.0 (Macintosh; Intel Mac OS X 10_11_6) AppleWebKit/537.36 (KHTML, like Gecko) Chrome/53.0.2785.101 Safari/537.36"
::1 - - [11/Sep/2016:20:56:49 +0000] "POST /register HTTP/1.1" 200 1126 "-" "Mozilla/5.0 (Macintosh; Intel Mac OS X 10_11_6) AppleWebKit/537.36 (KHTML, like Gecko) Chrome/53.0.2785.101 Safari/537.36"
::1 - - [11/Sep/2016:21:06:54 +0000] "POST /login HTTP/1.1" 200 51 "-" "Mozilla/5.0 (Macintosh; Intel Mac OS X 10_11_6) AppleWebKit/537.36 (KHTML, like Gecko) Chrome/53.0.2785.101 Safari/537.36"
::1 - - [11/Sep/2016:21:08:31 +0000] "POST /login HTTP/1.1" 200 53 "-" "Mozilla/5.0 (Macintosh; Intel Mac OS X 10_11_6) AppleWebKit/537.36 (KHTML, like Gecko) Chrome/53.0.2785.101 Safari/537.36"
::1 - - [11/Sep/2016:21:08:40 +0000] "POST /login HTTP/1.1" 200 1162 "-" "Mozilla/5.0 (Macintosh; Intel Mac OS X 10_11_6) AppleWebKit/537.36 (KHTML, like Gecko) Chrome/53.0.2785.101 Safari/537.36"
::1 - - [11/Sep/2016:21:12:04 +0000] "GET / HTTP/1.1" 500 1919 "-" "Mozilla/5.0 (Macintosh; Intel Mac OS X 10_11_6) AppleWebKit/537.36 (KHTML, like Gecko) Chrome/53.0.2785.101 Safari/537.36"
::1 - - [11/Sep/2016:21:12:10 +0000] "GET /auth/google HTTP/1.1" 500 1919 "-" "Mozilla/5.0 (Macintosh; Intel Mac OS X 10_11_6) AppleWebKit/537.36 (KHTML, like Gecko) Chrome/53.0.2785.101 Safari/537.36"
::1 - - [11/Sep/2016:21:12:18 +0000] "GET /auth/google HTTP/1.1" 500 1919 "-" "Mozilla/5.0 (Macintosh; Intel Mac OS X 10_11_6) AppleWebKit/537.36 (KHTML, like Gecko) Chrome/53.0.2785.101 Safari/537.36"
::1 - - [11/Sep/2016:21:13:23 +0000] "GET /auth/google HTTP/1.1" 500 1919 "-" "Mozilla/5.0 (Macintosh; Intel Mac OS X 10_11_6) AppleWebKit/537.36 (KHTML, like Gecko) Chrome/53.0.2785.101 Safari/537.36"
::1 - - [11/Sep/2016:21:13:27 +0000] "GET / HTTP/1.1" 500 1919 "-" "Mozilla/5.0 (Macintosh; Intel Mac OS X 10_11_6) AppleWebKit/537.36 (KHTML, like Gecko) Chrome/53.0.2785.101 Safari/537.36"
::1 - - [11/Sep/2016:21:13:43 +0000] "GET / HTTP/1.1" 500 1861 "-" "Mozilla/5.0 (Macintosh; Intel Mac OS X 10_11_6) AppleWebKit/537.36 (KHTML, like Gecko) Chrome/53.0.2785.101 Safari/537.36"
::1 - - [11/Sep/2016:21:13:50 +0000] "GET / HTTP/1.1" 500 1919 "-" "Mozilla/5.0 (Macintosh; Intel Mac OS X 10_11_6) AppleWebKit/537.36 (KHTML, like Gecko) Chrome/53.0.2785.101 Safari/537.36"
::1 - - [11/Sep/2016:21:14:13 +0000] "GET / HTTP/1.1" 500 1861 "-" "Mozilla/5.0 (Macintosh; Intel Mac OS X 10_11_6) AppleWebKit/537.36 (KHTML, like Gecko) Chrome/53.0.2785.101 Safari/537.36"
::1 - - [11/Sep/2016:21:14:15 +0000] "GET /auth/google HTTP/1.1" 500 1870 "-" "Mozilla/5.0 (Macintosh; Intel Mac OS X 10_11_6) AppleWebKit/537.36 (KHTML, like Gecko) Chrome/53.0.2785.101 Safari/537.36"
::1 - - [11/Sep/2016:21:32:05 +0000] "GET /auth/google HTTP/1.1" 404 24 "-" "Mozilla/5.0 (Macintosh; Intel Mac OS X 10_11_6) AppleWebKit/537.36 (KHTML, like Gecko) Chrome/53.0.2785.101 Safari/537.36"
::1 - - [11/Sep/2016:21:32:07 +0000] "GET /auth/google HTTP/1.1" 404 24 "-" "Mozilla/5.0 (Macintosh; Intel Mac OS X 10_11_6) AppleWebKit/537.36 (KHTML, like Gecko) Chrome/53.0.2785.101 Safari/537.36"
::1 - - [11/Sep/2016:21:32:20 +0000] "GET /auth/google HTTP/1.1" 302 0 "-" "Mozilla/5.0 (Macintosh; Intel Mac OS X 10_11_6) AppleWebKit/537.36 (KHTML, like Gecko) Chrome/53.0.2785.101 Safari/537.36"
::1 - - [11/Sep/2016:21:33:03 +0000] "GET / HTTP/1.1" 500 1861 "-" "Mozilla/5.0 (Macintosh; Intel Mac OS X 10_11_6) AppleWebKit/537.36 (KHTML, like Gecko) Chrome/53.0.2785.101 Safari/537.36"
::1 - - [11/Sep/2016:21:33:06 +0000] "GET /auth/google HTTP/1.1" 302 0 "-" "Mozilla/5.0 (Macintosh; Intel Mac OS X 10_11_6) AppleWebKit/537.36 (KHTML, like Gecko) Chrome/53.0.2785.101 Safari/537.36"
::1 - - [11/Sep/2016:21:33:07 +0000] "GET /auth/google HTTP/1.1" 302 0 "-" "Mozilla/5.0 (Macintosh; Intel Mac OS X 10_11_6) AppleWebKit/537.36 (KHTML, like Gecko) Chrome/53.0.2785.101 Safari/537.36"
::1 - - [11/Sep/2016:21:33:12 +0000] "GET /auth/google/callback?code=4/CeGLQqvwRVxNVoZrcPwn8YEpeck1H_C8ERH8N0LJoh8 HTTP/1.1" 302 46 "-" "Mozilla/5.0 (Macintosh; Intel Mac OS X 10_11_6) AppleWebKit/537.36 (KHTML, like Gecko) Chrome/53.0.2785.101 Safari/537.36"
::1 - - [11/Sep/2016:21:33:12 +0000] "GET / HTTP/1.1" 500 1861 "-" "Mozilla/5.0 (Macintosh; Intel Mac OS X 10_11_6) AppleWebKit/537.36 (KHTML, like Gecko) Chrome/53.0.2785.101 Safari/537.36"
::1 - - [11/Sep/2016:21:35:19 +0000] "GET /auth/google HTTP/1.1" 302 0 "-" "Mozilla/5.0 (Macintosh; Intel Mac OS X 10_11_6) AppleWebKit/537.36 (KHTML, like Gecko) Chrome/53.0.2785.101 Safari/537.36"
::1 - - [11/Sep/2016:21:35:24 +0000] "GET /auth/google/callback?code=4/HETFWdDds1UKobE83fo7s9VKz8U9gta7fzAG19ihe4w HTTP/1.1" 302 46 "-" "Mozilla/5.0 (Macintosh; Intel Mac OS X 10_11_6) AppleWebKit/537.36 (KHTML, like Gecko) Chrome/53.0.2785.101 Safari/537.36"
::1 - - [11/Sep/2016:21:35:24 +0000] "GET / HTTP/1.1" 500 1861 "-" "Mozilla/5.0 (Macintosh; Intel Mac OS X 10_11_6) AppleWebKit/537.36 (KHTML, like Gecko) Chrome/53.0.2785.101 Safari/537.36"
::1 - - [11/Sep/2016:21:36:33 +0000] "GET / HTTP/1.1" 500 1729 "-" "Mozilla/5.0 (Macintosh; Intel Mac OS X 10_11_6) AppleWebKit/537.36 (KHTML, like Gecko) Chrome/53.0.2785.101 Safari/537.36"
::1 - - [11/Sep/2016:21:36:36 +0000] "GET / HTTP/1.1" 500 1729 "-" "Mozilla/5.0 (Macintosh; Intel Mac OS X 10_11_6) AppleWebKit/537.36 (KHTML, like Gecko) Chrome/53.0.2785.101 Safari/537.36"
::1 - - [11/Sep/2016:21:36:43 +0000] "GET / HTTP/1.1" 500 1919 "-" "Mozilla/5.0 (Macintosh; Intel Mac OS X 10_11_6) AppleWebKit/537.36 (KHTML, like Gecko) Chrome/53.0.2785.101 Safari/537.36"
::1 - - [11/Sep/2016:21:37:13 +0000] "GET / HTTP/1.1" 500 1760 "-" "Mozilla/5.0 (Macintosh; Intel Mac OS X 10_11_6) AppleWebKit/537.36 (KHTML, like Gecko) Chrome/53.0.2785.101 Safari/537.36"
::1 - - [11/Sep/2016:21:38:18 +0000] "GET / HTTP/1.1" 500 1919 "-" "Mozilla/5.0 (Macintosh; Intel Mac OS X 10_11_6) AppleWebKit/537.36 (KHTML, like Gecko) Chrome/53.0.2785.101 Safari/537.36"
::1 - - [11/Sep/2016:21:38:36 +0000] "GET / HTTP/1.1" 500 1919 "-" "Mozilla/5.0 (Macintosh; Intel Mac OS X 10_11_6) AppleWebKit/537.36 (KHTML, like Gecko) Chrome/53.0.2785.101 Safari/537.36"
::1 - - [11/Sep/2016:21:38:38 +0000] "GET / HTTP/1.1" 500 1919 "-" "Mozilla/5.0 (Macintosh; Intel Mac OS X 10_11_6) AppleWebKit/537.36 (KHTML, like Gecko) Chrome/53.0.2785.101 Safari/537.36"
::1 - - [11/Sep/2016:21:38:46 +0000] "GET / HTTP/1.1" 500 1919 "-" "Mozilla/5.0 (Macintosh; Intel Mac OS X 10_11_6) AppleWebKit/537.36 (KHTML, like Gecko) Chrome/53.0.2785.101 Safari/537.36"
::1 - - [11/Sep/2016:21:39:56 +0000] "GET / HTTP/1.1" 500 1861 "-" "Mozilla/5.0 (Macintosh; Intel Mac OS X 10_11_6) AppleWebKit/537.36 (KHTML, like Gecko) Chrome/53.0.2785.101 Safari/537.36"
::1 - - [11/Sep/2016:21:40:25 +0000] "GET / HTTP/1.1" 200 9 "-" "Mozilla/5.0 (Macintosh; Intel Mac OS X 10_11_6) AppleWebKit/537.36 (KHTML, like Gecko) Chrome/53.0.2785.101 Safari/537.36"
::1 - - [11/Sep/2016:21:40:54 +0000] "GET /auth/google HTTP/1.1" 302 0 "-" "Mozilla/5.0 (Macintosh; Intel Mac OS X 10_11_6) AppleWebKit/537.36 (KHTML, like Gecko) Chrome/53.0.2785.101 Safari/537.36"
::1 - - [11/Sep/2016:21:41:03 +0000] "GET /auth/google HTTP/1.1" 302 0 "-" "Mozilla/5.0 (Macintosh; Intel Mac OS X 10_11_6) AppleWebKit/537.36 (KHTML, like Gecko) Chrome/53.0.2785.101 Safari/537.36"
::1 - - [11/Sep/2016:21:41:15 +0000] "GET /auth/google/callback?code=4/SL8qLD5HP6sjilOfrPdy-cd2AVd_MkzaX5hSXhA4oc4 HTTP/1.1" 302 46 "-" "Mozilla/5.0 (Macintosh; Intel Mac OS X 10_11_6) AppleWebKit/537.36 (KHTML, like Gecko) Chrome/53.0.2785.101 Safari/537.36"
::1 - - [11/Sep/2016:21:41:15 +0000] "GET / HTTP/1.1" 304 - "-" "Mozilla/5.0 (Macintosh; Intel Mac OS X 10_11_6) AppleWebKit/537.36 (KHTML, like Gecko) Chrome/53.0.2785.101 Safari/537.36"
::1 - - [11/Sep/2016:21:56:19 +0000] "GET /add HTTP/1.1" 200 9 "-" "Mozilla/5.0 (Macintosh; Intel Mac OS X 10_11_6) AppleWebKit/537.36 (KHTML, like Gecko) Chrome/53.0.2785.101 Safari/537.36"
::1 - - [11/Sep/2016:21:56:21 +0000] "GET /add HTTP/1.1" 304 - "-" "Mozilla/5.0 (Macintosh; Intel Mac OS X 10_11_6) AppleWebKit/537.36 (KHTML, like Gecko) Chrome/53.0.2785.101 Safari/537.36"
::1 - - [11/Sep/2016:21:57:18 +0000] "GET /add HTTP/1.1" 304 - "-" "Mozilla/5.0 (Macintosh; Intel Mac OS X 10_11_6) AppleWebKit/537.36 (KHTML, like Gecko) Chrome/53.0.2785.101 Safari/537.36"
::1 - - [11/Sep/2016:22:03:24 +0000] "GET /add HTTP/1.1" 304 - "-" "Mozilla/5.0 (Macintosh; Intel Mac OS X 10_11_6) AppleWebKit/537.36 (KHTML, like Gecko) Chrome/53.0.2785.101 Safari/537.36"
::1 - - [11/Sep/2016:22:03:27 +0000] "GET / HTTP/1.1" 304 - "-" "Mozilla/5.0 (Macintosh; Intel Mac OS X 10_11_6) AppleWebKit/537.36 (KHTML, like Gecko) Chrome/53.0.2785.101 Safari/537.36"
::1 - - [11/Sep/2016:22:03:28 +0000] "GET / HTTP/1.1" 304 - "-" "Mozilla/5.0 (Macintosh; Intel Mac OS X 10_11_6) AppleWebKit/537.36 (KHTML, like Gecko) Chrome/53.0.2785.101 Safari/537.36"
::1 - - [11/Sep/2016:22:03:44 +0000] "GET / HTTP/1.1" 304 - "-" "Mozilla/5.0 (Macintosh; Intel Mac OS X 10_11_6) AppleWebKit/537.36 (KHTML, like Gecko) Chrome/53.0.2785.101 Safari/537.36"
::1 - - [11/Sep/2016:22:05:05 +0000] "GET /auth/google HTTP/1.1" 302 0 "-" "Mozilla/5.0 (Macintosh; Intel Mac OS X 10_11_6) AppleWebKit/537.36 (KHTML, like Gecko) Chrome/53.0.2785.101 Safari/537.36"
::1 - - [11/Sep/2016:22:05:06 +0000] "GET /add HTTP/1.1" 304 - "-" "Mozilla/5.0 (Macintosh; Intel Mac OS X 10_11_6) AppleWebKit/537.36 (KHTML, like Gecko) Chrome/53.0.2785.101 Safari/537.36"
::1 - - [11/Sep/2016:22:06:13 +0000] "GET /add HTTP/1.1" 304 - "-" "Mozilla/5.0 (Macintosh; Intel Mac OS X 10_11_6) AppleWebKit/537.36 (KHTML, like Gecko) Chrome/53.0.2785.101 Safari/537.36"
::1 - - [11/Sep/2016:22:06:30 +0000] "GET /add HTTP/1.1" 304 - "-" "Mozilla/5.0 (Macintosh; Intel Mac OS X 10_11_6) AppleWebKit/537.36 (KHTML, like Gecko) Chrome/53.0.2785.101 Safari/537.36"
::1 - - [11/Sep/2016:22:06:45 +0000] "GET /add HTTP/1.1" 200 5 "-" "Mozilla/5.0 (Macintosh; Intel Mac OS X 10_11_6) AppleWebKit/537.36 (KHTML, like Gecko) Chrome/53.0.2785.101 Safari/537.36"
::1 - - [11/Sep/2016:22:07:31 +0000] "GET /auth/google HTTP/1.1" 302 0 "-" "Mozilla/5.0 (Macintosh; Intel Mac OS X 10_11_6) AppleWebKit/537.36 (KHTML, like Gecko) Chrome/53.0.2785.101 Safari/537.36"
::1 - - [11/Sep/2016:22:07:36 +0000] "GET /auth/google/callback?code=4/rc3OCrmXW1XPzI_vw97Gx7T3lFSc1lNyWSDcmbKpMQA HTTP/1.1" 302 46 "-" "Mozilla/5.0 (Macintosh; Intel Mac OS X 10_11_6) AppleWebKit/537.36 (KHTML, like Gecko) Chrome/53.0.2785.101 Safari/537.36"
::1 - - [11/Sep/2016:22:07:36 +0000] "GET / HTTP/1.1" 304 - "-" "Mozilla/5.0 (Macintosh; Intel Mac OS X 10_11_6) AppleWebKit/537.36 (KHTML, like Gecko) Chrome/53.0.2785.101 Safari/537.36"
::1 - - [11/Sep/2016:22:07:46 +0000] "GET /auth/google/callback?code=4/tBu5M8_LSWaBiByDkHyecpDuoxkIG-4FKw4h1R9thB8 HTTP/1.1" 302 46 "-" "Mozilla/5.0 (Macintosh; Intel Mac OS X 10_11_6) AppleWebKit/537.36 (KHTML, like Gecko) Chrome/53.0.2785.101 Safari/537.36"
::1 - - [11/Sep/2016:22:07:46 +0000] "GET / HTTP/1.1" 304 - "-" "Mozilla/5.0 (Macintosh; Intel Mac OS X 10_11_6) AppleWebKit/537.36 (KHTML, like Gecko) Chrome/53.0.2785.101 Safari/537.36"
::1 - - [11/Sep/2016:22:08:28 +0000] "GET /auth/google HTTP/1.1" 302 0 "-" "Mozilla/5.0 (Macintosh; Intel Mac OS X 10_11_6) AppleWebKit/537.36 (KHTML, like Gecko) Chrome/53.0.2785.101 Safari/537.36"
::1 - - [11/Sep/2016:22:08:34 +0000] "GET /auth/google/callback?code=4/Y5ZxIXPl3Vy2-oB4d9_YzZDuoxkIG-4FKw4h1R9thB8 HTTP/1.1" 302 46 "-" "Mozilla/5.0 (Macintosh; Intel Mac OS X 10_11_6) AppleWebKit/537.36 (KHTML, like Gecko) Chrome/53.0.2785.101 Safari/537.36"
::1 - - [11/Sep/2016:22:08:34 +0000] "GET / HTTP/1.1" 304 - "-" "Mozilla/5.0 (Macintosh; Intel Mac OS X 10_11_6) AppleWebKit/537.36 (KHTML, like Gecko) Chrome/53.0.2785.101 Safari/537.36"
::1 - - [11/Sep/2016:22:17:16 +0000] "GET / HTTP/1.1" 500 1806 "-" "Mozilla/5.0 (Macintosh; Intel Mac OS X 10_11_6) AppleWebKit/537.36 (KHTML, like Gecko) Chrome/53.0.2785.101 Safari/537.36"
::1 - - [11/Sep/2016:22:19:04 +0000] "GET / HTTP/1.1" 500 1806 "-" "Mozilla/5.0 (Macintosh; Intel Mac OS X 10_11_6) AppleWebKit/537.36 (KHTML, like Gecko) Chrome/53.0.2785.101 Safari/537.36"
::1 - - [11/Sep/2016:22:19:13 +0000] "GET / HTTP/1.1" 500 1809 "-" "Mozilla/5.0 (Macintosh; Intel Mac OS X 10_11_6) AppleWebKit/537.36 (KHTML, like Gecko) Chrome/53.0.2785.101 Safari/537.36"
::1 - - [11/Sep/2016:22:19:46 +0000] "GET / HTTP/1.1" 200 24 "-" "Mozilla/5.0 (Macintosh; Intel Mac OS X 10_11_6) AppleWebKit/537.36 (KHTML, like Gecko) Chrome/53.0.2785.101 Safari/537.36"
::1 - - [11/Sep/2016:22:19:59 +0000] "GET / HTTP/1.1" 500 1751 "-" "Mozilla/5.0 (Macintosh; Intel Mac OS X 10_11_6) AppleWebKit/537.36 (KHTML, like Gecko) Chrome/53.0.2785.101 Safari/537.36"
::1 - - [11/Sep/2016:22:20:18 +0000] "GET / HTTP/1.1" 200 11 "-" "Mozilla/5.0 (Macintosh; Intel Mac OS X 10_11_6) AppleWebKit/537.36 (KHTML, like Gecko) Chrome/53.0.2785.101 Safari/537.36"
::1 - - [11/Sep/2016:22:20:30 +0000] "GET / HTTP/1.1" 200 18 "-" "Mozilla/5.0 (Macintosh; Intel Mac OS X 10_11_6) AppleWebKit/537.36 (KHTML, like Gecko) Chrome/53.0.2785.101 Safari/537.36"
::1 - - [11/Sep/2016:22:27:58 +0000] "GET / HTTP/1.1" 200 63 "-" "Mozilla/5.0 (Macintosh; Intel Mac OS X 10_11_6) AppleWebKit/537.36 (KHTML, like Gecko) Chrome/53.0.2785.101 Safari/537.36"
::1 - - [11/Sep/2016:22:28:23 +0000] "GET / HTTP/1.1" 200 1673 "-" "Mozilla/5.0 (Macintosh; Intel Mac OS X 10_11_6) AppleWebKit/537.36 (KHTML, like Gecko) Chrome/53.0.2785.101 Safari/537.36"
::1 - - [11/Sep/2016:22:28:36 +0000] "GET / HTTP/1.1" 200 1674 "-" "Mozilla/5.0 (Macintosh; Intel Mac OS X 10_11_6) AppleWebKit/537.36 (KHTML, like Gecko) Chrome/53.0.2785.101 Safari/537.36"
::1 - - [11/Sep/2016:22:28:54 +0000] "GET / HTTP/1.1" 200 1678 "-" "Mozilla/5.0 (Macintosh; Intel Mac OS X 10_11_6) AppleWebKit/537.36 (KHTML, like Gecko) Chrome/53.0.2785.101 Safari/537.36"
::1 - - [11/Sep/2016:22:29:02 +0000] "GET / HTTP/1.1" 200 1682 "-" "Mozilla/5.0 (Macintosh; Intel Mac OS X 10_11_6) AppleWebKit/537.36 (KHTML, like Gecko) Chrome/53.0.2785.101 Safari/537.36"
::1 - - [11/Sep/2016:22:29:32 +0000] "GET / HTTP/1.1" 200 1683 "-" "Mozilla/5.0 (Macintosh; Intel Mac OS X 10_11_6) AppleWebKit/537.36 (KHTML, like Gecko) Chrome/53.0.2785.101 Safari/537.36"
::1 - - [11/Sep/2016:22:29:42 +0000] "GET / HTTP/1.1" 200 1678 "-" "Mozilla/5.0 (Macintosh; Intel Mac OS X 10_11_6) AppleWebKit/537.36 (KHTML, like Gecko) Chrome/53.0.2785.101 Safari/537.36"
::1 - - [11/Sep/2016:22:29:49 +0000] "GET / HTTP/1.1" 200 1679 "-" "Mozilla/5.0 (Macintosh; Intel Mac OS X 10_11_6) AppleWebKit/537.36 (KHTML, like Gecko) Chrome/53.0.2785.101 Safari/537.36"
::1 - - [11/Sep/2016:22:29:56 +0000] "GET / HTTP/1.1" 200 1681 "-" "Mozilla/5.0 (Macintosh; Intel Mac OS X 10_11_6) AppleWebKit/537.36 (KHTML, like Gecko) Chrome/53.0.2785.101 Safari/537.36"
::1 - - [11/Sep/2016:22:31:18 +0000] "GET / HTTP/1.1" 500 1809 "-" "Mozilla/5.0 (Macintosh; Intel Mac OS X 10_11_6) AppleWebKit/537.36 (KHTML, like Gecko) Chrome/53.0.2785.101 Safari/537.36"
::1 - - [11/Sep/2016:22:31:45 +0000] "GET / HTTP/1.1" 200 2727 "-" "Mozilla/5.0 (Macintosh; Intel Mac OS X 10_11_6) AppleWebKit/537.36 (KHTML, like Gecko) Chrome/53.0.2785.101 Safari/537.36"
::1 - - [11/Sep/2016:22:32:35 +0000] "GET / HTTP/1.1" 200 2727 "-" "Mozilla/5.0 (Macintosh; Intel Mac OS X 10_11_6) AppleWebKit/537.36 (KHTML, like Gecko) Chrome/53.0.2785.101 Safari/537.36"
::1 - - [11/Sep/2016:22:35:57 +0000] "GET /remove HTTP/1.1" 200 32 "-" "Mozilla/5.0 (Macintosh; Intel Mac OS X 10_11_6) AppleWebKit/537.36 (KHTML, like Gecko) Chrome/53.0.2785.101 Safari/537.36"
::1 - - [11/Sep/2016:22:36:06 +0000] "GET / HTTP/1.1" 200 2727 "-" "Mozilla/5.0 (Macintosh; Intel Mac OS X 10_11_6) AppleWebKit/537.36 (KHTML, like Gecko) Chrome/53.0.2785.101 Safari/537.36"
::1 - - [11/Sep/2016:22:36:41 +0000] "GET /remove HTTP/1.1" 200 31 "-" "Mozilla/5.0 (Macintosh; Intel Mac OS X 10_11_6) AppleWebKit/537.36 (KHTML, like Gecko) Chrome/53.0.2785.101 Safari/537.36"
::1 - - [11/Sep/2016:22:36:44 +0000] "GET / HTTP/1.1" 200 2727 "-" "Mozilla/5.0 (Macintosh; Intel Mac OS X 10_11_6) AppleWebKit/537.36 (KHTML, like Gecko) Chrome/53.0.2785.101 Safari/537.36"
::1 - - [11/Sep/2016:22:40:16 +0000] "GET / HTTP/1.1" 304 - "-" "Mozilla/5.0 (Macintosh; Intel Mac OS X 10_11_6) AppleWebKit/537.36 (KHTML, like Gecko) Chrome/53.0.2785.101 Safari/537.36"
::1 - - [11/Sep/2016:22:40:21 +0000] "GET /login HTTP/1.1" 200 2727 "-" "Mozilla/5.0 (Macintosh; Intel Mac OS X 10_11_6) AppleWebKit/537.36 (KHTML, like Gecko) Chrome/53.0.2785.101 Safari/537.36"
::1 - - [11/Sep/2016:22:40:22 +0000] "GET /logout HTTP/1.1" 302 46 "-" "Mozilla/5.0 (Macintosh; Intel Mac OS X 10_11_6) AppleWebKit/537.36 (KHTML, like Gecko) Chrome/53.0.2785.101 Safari/537.36"
::1 - - [11/Sep/2016:22:40:22 +0000] "GET / HTTP/1.1" 200 2727 "-" "Mozilla/5.0 (Macintosh; Intel Mac OS X 10_11_6) AppleWebKit/537.36 (KHTML, like Gecko) Chrome/53.0.2785.101 Safari/537.36"
::1 - - [11/Sep/2016:22:40:23 +0000] "GET / HTTP/1.1" 304 - "-" "Mozilla/5.0 (Macintosh; Intel Mac OS X 10_11_6) AppleWebKit/537.36 (KHTML, like Gecko) Chrome/53.0.2785.101 Safari/537.36"
::1 - - [11/Sep/2016:22:42:05 +0000] "GET / HTTP/1.1" 304 - "-" "Mozilla/5.0 (Macintosh; Intel Mac OS X 10_11_6) AppleWebKit/537.36 (KHTML, like Gecko) Chrome/53.0.2785.101 Safari/537.36"
::1 - - [11/Sep/2016:22:42:12 +0000] "GET /remove HTTP/1.1" 304 - "-" "Mozilla/5.0 (Macintosh; Intel Mac OS X 10_11_6) AppleWebKit/537.36 (KHTML, like Gecko) Chrome/53.0.2785.101 Safari/537.36"
::1 - - [11/Sep/2016:22:42:15 +0000] "GET / HTTP/1.1" 200 2727 "-" "Mozilla/5.0 (Macintosh; Intel Mac OS X 10_11_6) AppleWebKit/537.36 (KHTML, like Gecko) Chrome/53.0.2785.101 Safari/537.36"
::1 - - [11/Sep/2016:22:43:12 +0000] "GET /remove HTTP/1.1" 304 - "-" "Mozilla/5.0 (Macintosh; Intel Mac OS X 10_11_6) AppleWebKit/537.36 (KHTML, like Gecko) Chrome/53.0.2785.101 Safari/537.36"
::1 - - [11/Sep/2016:22:43:29 +0000] "GET /remove HTTP/1.1" 304 - "-" "Mozilla/5.0 (Macintosh; Intel Mac OS X 10_11_6) AppleWebKit/537.36 (KHTML, like Gecko) Chrome/53.0.2785.101 Safari/537.36"
::1 - - [11/Sep/2016:22:43:43 +0000] "GET / HTTP/1.1" 500 1836 "-" "Mozilla/5.0 (Macintosh; Intel Mac OS X 10_11_6) AppleWebKit/537.36 (KHTML, like Gecko) Chrome/53.0.2785.101 Safari/537.36"
::1 - - [11/Sep/2016:22:43:55 +0000] "GET / HTTP/1.1" 500 1836 "-" "Mozilla/5.0 (Macintosh; Intel Mac OS X 10_11_6) AppleWebKit/537.36 (KHTML, like Gecko) Chrome/53.0.2785.101 Safari/537.36"
::1 - - [11/Sep/2016:22:44:13 +0000] "GET /auth/google HTTP/1.1" 302 0 "-" "Mozilla/5.0 (Macintosh; Intel Mac OS X 10_11_6) AppleWebKit/537.36 (KHTML, like Gecko) Chrome/53.0.2785.101 Safari/537.36"
::1 - - [11/Sep/2016:22:44:13 +0000] "GET /auth/google HTTP/1.1" 302 0 "-" "Mozilla/5.0 (Macintosh; Intel Mac OS X 10_11_6) AppleWebKit/537.36 (KHTML, like Gecko) Chrome/53.0.2785.101 Safari/537.36"
::1 - - [11/Sep/2016:22:44:18 +0000] "GET /auth/google/callback?code=4/I5gWM_ReFFoVad2qbgMVZZV3wtfhx-C1uIBur85JfeY HTTP/1.1" 302 46 "-" "Mozilla/5.0 (Macintosh; Intel Mac OS X 10_11_6) AppleWebKit/537.36 (KHTML, like Gecko) Chrome/53.0.2785.101 Safari/537.36"
::1 - - [11/Sep/2016:22:44:18 +0000] "GET / HTTP/1.1" 200 2774 "-" "Mozilla/5.0 (Macintosh; Intel Mac OS X 10_11_6) AppleWebKit/537.36 (KHTML, like Gecko) Chrome/53.0.2785.101 Safari/537.36"
::1 - - [11/Sep/2016:22:44:20 +0000] "GET / HTTP/1.1" 304 - "-" "Mozilla/5.0 (Macintosh; Intel Mac OS X 10_11_6) AppleWebKit/537.36 (KHTML, like Gecko) Chrome/53.0.2785.101 Safari/537.36"
::1 - - [11/Sep/2016:22:44:24 +0000] "GET /remove HTTP/1.1" 304 - "-" "Mozilla/5.0 (Macintosh; Intel Mac OS X 10_11_6) AppleWebKit/537.36 (KHTML, like Gecko) Chrome/53.0.2785.101 Safari/537.36"
::1 - - [11/Sep/2016:22:44:26 +0000] "GET / HTTP/1.1" 304 - "-" "Mozilla/5.0 (Macintosh; Intel Mac OS X 10_11_6) AppleWebKit/537.36 (KHTML, like Gecko) Chrome/53.0.2785.101 Safari/537.36"
::1 - - [11/Sep/2016:22:45:13 +0000] "GET / HTTP/1.1" 200 2727 "-" "Mozilla/5.0 (Macintosh; Intel Mac OS X 10_11_6) AppleWebKit/537.36 (KHTML, like Gecko) Chrome/53.0.2785.101 Safari/537.36"
::1 - - [11/Sep/2016:22:45:15 +0000] "GET / HTTP/1.1" 200 2727 "-" "Mozilla/5.0 (Macintosh; Intel Mac OS X 10_11_6) AppleWebKit/537.36 (KHTML, like Gecko) Chrome/53.0.2785.101 Safari/537.36"
::1 - - [11/Sep/2016:22:45:17 +0000] "GET / HTTP/1.1" 304 - "-" "Mozilla/5.0 (Macintosh; Intel Mac OS X 10_11_6) AppleWebKit/537.36 (KHTML, like Gecko) Chrome/53.0.2785.101 Safari/537.36"
::1 - - [11/Sep/2016:22:48:14 +0000] "GET / HTTP/1.1" 200 1032 "-" "Mozilla/5.0 (Macintosh; Intel Mac OS X 10_11_6) AppleWebKit/537.36 (KHTML, like Gecko) Chrome/53.0.2785.101 Safari/537.36"
::1 - - [11/Sep/2016:22:48:25 +0000] "GET / HTTP/1.1" 304 - "-" "Mozilla/5.0 (Macintosh; Intel Mac OS X 10_11_6) AppleWebKit/537.36 (KHTML, like Gecko) Chrome/53.0.2785.101 Safari/537.36"
::1 - - [11/Sep/2016:22:48:31 +0000] "GET / HTTP/1.1" 200 2727 "-" "Mozilla/5.0 (Macintosh; Intel Mac OS X 10_11_6) AppleWebKit/537.36 (KHTML, like Gecko) Chrome/53.0.2785.101 Safari/537.36"
::1 - - [11/Sep/2016:22:48:40 +0000] "GET / HTTP/1.1" 200 2727 "-" "Mozilla/5.0 (Macintosh; Intel Mac OS X 10_11_6) AppleWebKit/537.36 (KHTML, like Gecko) Chrome/53.0.2785.101 Safari/537.36"
::1 - - [11/Sep/2016:22:48:43 +0000] "GET / HTTP/1.1" 304 - "-" "Mozilla/5.0 (Macintosh; Intel Mac OS X 10_11_6) AppleWebKit/537.36 (KHTML, like Gecko) Chrome/53.0.2785.101 Safari/537.36"
::1 - - [11/Sep/2016:22:48:46 +0000] "GET /remove HTTP/1.1" 304 - "-" "Mozilla/5.0 (Macintosh; Intel Mac OS X 10_11_6) AppleWebKit/537.36 (KHTML, like Gecko) Chrome/53.0.2785.101 Safari/537.36"
::1 - - [11/Sep/2016:22:48:50 +0000] "GET / HTTP/1.1" 500 1836 "-" "Mozilla/5.0 (Macintosh; Intel Mac OS X 10_11_6) AppleWebKit/537.36 (KHTML, like Gecko) Chrome/53.0.2785.101 Safari/537.36"
::1 - - [11/Sep/2016:22:48:56 +0000] "GET /auth/google HTTP/1.1" 302 0 "-" "Mozilla/5.0 (Macintosh; Intel Mac OS X 10_11_6) AppleWebKit/537.36 (KHTML, like Gecko) Chrome/53.0.2785.101 Safari/537.36"
::1 - - [11/Sep/2016:22:49:02 +0000] "GET /auth/google/callback?code=4/9aadmgYFJ9aKwq7kxfEtAUMjBVwkMaEHGqWfH_KB48E HTTP/1.1" 302 46 "-" "Mozilla/5.0 (Macintosh; Intel Mac OS X 10_11_6) AppleWebKit/537.36 (KHTML, like Gecko) Chrome/53.0.2785.101 Safari/537.36"
::1 - - [11/Sep/2016:22:49:02 +0000] "GET / HTTP/1.1" 200 2774 "-" "Mozilla/5.0 (Macintosh; Intel Mac OS X 10_11_6) AppleWebKit/537.36 (KHTML, like Gecko) Chrome/53.0.2785.101 Safari/537.36"
::1 - - [12/Sep/2016:05:00:30 +0000] "GET / HTTP/1.1" 200 2727 "-" "Mozilla/5.0 (Macintosh; Intel Mac OS X 10_11_6) AppleWebKit/537.36 (KHTML, like Gecko) Chrome/53.0.2785.101 Safari/537.36"
::1 - - [12/Sep/2016:05:00:36 +0000] "GET /login HTTP/1.1" 200 2727 "-" "Mozilla/5.0 (Macintosh; Intel Mac OS X 10_11_6) AppleWebKit/537.36 (KHTML, like Gecko) Chrome/53.0.2785.101 Safari/537.36"
::1 - - [12/Sep/2016:05:00:39 +0000] "GET /remove HTTP/1.1" 304 - "-" "Mozilla/5.0 (Macintosh; Intel Mac OS X 10_11_6) AppleWebKit/537.36 (KHTML, like Gecko) Chrome/53.0.2785.101 Safari/537.36"
::1 - - [12/Sep/2016:05:00:52 +0000] "GET / HTTP/1.1" 500 1836 "-" "Mozilla/5.0 (Macintosh; Intel Mac OS X 10_11_6) AppleWebKit/537.36 (KHTML, like Gecko) Chrome/53.0.2785.101 Safari/537.36"
::1 - - [12/Sep/2016:05:00:57 +0000] "GET /auth/google HTTP/1.1" 302 0 "-" "Mozilla/5.0 (Macintosh; Intel Mac OS X 10_11_6) AppleWebKit/537.36 (KHTML, like Gecko) Chrome/53.0.2785.101 Safari/537.36"
::1 - - [12/Sep/2016:05:00:58 +0000] "GET /auth/google HTTP/1.1" 302 0 "-" "Mozilla/5.0 (Macintosh; Intel Mac OS X 10_11_6) AppleWebKit/537.36 (KHTML, like Gecko) Chrome/53.0.2785.101 Safari/537.36"
::1 - - [12/Sep/2016:05:11:22 +0000] "GET / HTTP/1.1" 500 1836 "-" "Mozilla/5.0 (Macintosh; Intel Mac OS X 10_11_6) AppleWebKit/537.36 (KHTML, like Gecko) Chrome/53.0.2785.101 Safari/537.36"
::1 - - [12/Sep/2016:05:11:26 +0000] "GET /auth/google HTTP/1.1" 302 0 "-" "Mozilla/5.0 (Macintosh; Intel Mac OS X 10_11_6) AppleWebKit/537.36 (KHTML, like Gecko) Chrome/53.0.2785.101 Safari/537.36"
::1 - - [12/Sep/2016:05:11:31 +0000] "GET /auth/google/callback?code=4/EfJg1ZsHRbAzFjRcAfG2Qpk2JnJb_Lrak1VxHdCcF7M HTTP/1.1" 302 46 "-" "Mozilla/5.0 (Macintosh; Intel Mac OS X 10_11_6) AppleWebKit/537.36 (KHTML, like Gecko) Chrome/53.0.2785.101 Safari/537.36"
::1 - - [12/Sep/2016:05:11:31 +0000] "GET / HTTP/1.1" 200 2774 "-" "Mozilla/5.0 (Macintosh; Intel Mac OS X 10_11_6) AppleWebKit/537.36 (KHTML, like Gecko) Chrome/53.0.2785.101 Safari/537.36"
::1 - - [12/Sep/2016:05:12:01 +0000] "GET /remove HTTP/1.1" 304 - "-" "Mozilla/5.0 (Macintosh; Intel Mac OS X 10_11_6) AppleWebKit/537.36 (KHTML, like Gecko) Chrome/53.0.2785.101 Safari/537.36"
::1 - - [12/Sep/2016:05:12:01 +0000] "GET /remove HTTP/1.1" 304 - "-" "Mozilla/5.0 (Macintosh; Intel Mac OS X 10_11_6) AppleWebKit/537.36 (KHTML, like Gecko) Chrome/53.0.2785.101 Safari/537.36"
::1 - - [12/Sep/2016:05:12:19 +0000] "POST /register HTTP/1.1" 200 64 "-" "Mozilla/5.0 (Macintosh; Intel Mac OS X 10_11_6) AppleWebKit/537.36 (KHTML, like Gecko) Chrome/53.0.2785.101 Safari/537.36"
::1 - - [12/Sep/2016:05:12:28 +0000] "POST /register HTTP/1.1" 200 1128 "-" "Mozilla/5.0 (Macintosh; Intel Mac OS X 10_11_6) AppleWebKit/537.36 (KHTML, like Gecko) Chrome/53.0.2785.101 Safari/537.36"
::1 - - [12/Sep/2016:05:14:37 +0000] "POST /register HTTP/1.1" 200 64 "-" "Mozilla/5.0 (Macintosh; Intel Mac OS X 10_11_6) AppleWebKit/537.36 (KHTML, like Gecko) Chrome/53.0.2785.101 Safari/537.36"
::1 - - [13/Sep/2016:16:45:26 +0000] "POST /register HTTP/1.1" 200 64 "-" "Mozilla/5.0 (Macintosh; Intel Mac OS X 10_11_6) AppleWebKit/537.36 (KHTML, like Gecko) Chrome/53.0.2785.101 Safari/537.36"
::1 - - [13/Sep/2016:16:47:09 +0000] "POST /register HTTP/1.1" 200 64 "-" "Mozilla/5.0 (Macintosh; Intel Mac OS X 10_11_6) AppleWebKit/537.36 (KHTML, like Gecko) Chrome/53.0.2785.101 Safari/537.36"
::1 - - [13/Sep/2016:16:47:39 +0000] "POST /register HTTP/1.1" 200 64 "-" "Mozilla/5.0 (Macintosh; Intel Mac OS X 10_11_6) AppleWebKit/537.36 (KHTML, like Gecko) Chrome/53.0.2785.101 Safari/537.36"
::1 - - [13/Sep/2016:16:47:52 +0000] "POST /register HTTP/1.1" 200 64 "-" "Mozilla/5.0 (Macintosh; Intel Mac OS X 10_11_6) AppleWebKit/537.36 (KHTML, like Gecko) Chrome/53.0.2785.101 Safari/537.36"
::1 - - [13/Sep/2016:16:49:23 +0000] "POST /register HTTP/1.1" 200 64 "-" "Mozilla/5.0 (Macintosh; Intel Mac OS X 10_11_6) AppleWebKit/537.36 (KHTML, like Gecko) Chrome/53.0.2785.101 Safari/537.36"
::1 - - [13/Sep/2016:16:49:24 +0000] "POST /register HTTP/1.1" 200 64 "-" "Mozilla/5.0 (Macintosh; Intel Mac OS X 10_11_6) AppleWebKit/537.36 (KHTML, like Gecko) Chrome/53.0.2785.101 Safari/537.36"
::1 - - [13/Sep/2016:16:49:24 +0000] "POST /register HTTP/1.1" 200 64 "-" "Mozilla/5.0 (Macintosh; Intel Mac OS X 10_11_6) AppleWebKit/537.36 (KHTML, like Gecko) Chrome/53.0.2785.101 Safari/537.36"
::1 - - [13/Sep/2016:16:49:24 +0000] "POST /register HTTP/1.1" 200 64 "-" "Mozilla/5.0 (Macintosh; Intel Mac OS X 10_11_6) AppleWebKit/537.36 (KHTML, like Gecko) Chrome/53.0.2785.101 Safari/537.36"
::1 - - [13/Sep/2016:16:57:21 +0000] "GET / HTTP/1.1" 500 1836 "-" "Mozilla/5.0 (Macintosh; Intel Mac OS X 10_11_6) AppleWebKit/537.36 (KHTML, like Gecko) Chrome/53.0.2785.101 Safari/537.36"
::1 - - [13/Sep/2016:16:57:31 +0000] "GET /auth/google HTTP/1.1" 302 0 "-" "Mozilla/5.0 (Macintosh; Intel Mac OS X 10_11_6) AppleWebKit/537.36 (KHTML, like Gecko) Chrome/53.0.2785.101 Safari/537.36"
::1 - - [13/Sep/2016:16:57:37 +0000] "GET /auth/google/callback?code=4/nNJh4EdQa4dZYTmOGoXw8FXgx7nqaK6mvA1O0WMTjTs HTTP/1.1" 302 46 "-" "Mozilla/5.0 (Macintosh; Intel Mac OS X 10_11_6) AppleWebKit/537.36 (KHTML, like Gecko) Chrome/53.0.2785.101 Safari/537.36"
::1 - - [13/Sep/2016:16:57:37 +0000] "GET / HTTP/1.1" 200 2774 "-" "Mozilla/5.0 (Macintosh; Intel Mac OS X 10_11_6) AppleWebKit/537.36 (KHTML, like Gecko) Chrome/53.0.2785.101 Safari/537.36"
::1 - - [13/Sep/2016:16:57:39 +0000] "GET / HTTP/1.1" 304 - "-" "Mozilla/5.0 (Macintosh; Intel Mac OS X 10_11_6) AppleWebKit/537.36 (KHTML, like Gecko) Chrome/53.0.2785.101 Safari/537.36"
::1 - - [13/Sep/2016:16:57:49 +0000] "GET / HTTP/1.1" 304 - "-" "Mozilla/5.0 (Macintosh; Intel Mac OS X 10_11_6) AppleWebKit/537.36 (KHTML, like Gecko) Chrome/53.0.2785.101 Safari/537.36"
::1 - - [13/Sep/2016:16:58:07 +0000] "GET / HTTP/1.1" 200 2727 "-" "Mozilla/5.0 (Macintosh; Intel Mac OS X 10_11_6) AppleWebKit/537.36 (KHTML, like Gecko) Chrome/53.0.2785.101 Safari/537.36"
::1 - - [13/Sep/2016:18:58:34 +0000] "GET / HTTP/1.1" 500 1836 "-" "Mozilla/5.0 (Macintosh; Intel Mac OS X 10_11_6) AppleWebKit/537.36 (KHTML, like Gecko) Chrome/53.0.2785.101 Safari/537.36"
